<?xml version="1.0" encoding="UTF-8"?>
<!-- Generated by org.testng.reporters.JUnitXMLReporter -->
<testsuite ignored="0" hostname="Aravinda" failures="0" tests="3" name="Default test" time="12.868" errors="0" timestamp="2024-07-21T14:38:06 IST">
  <testcase classname="com.synechron.selenium.SeleniumTraining.switchto.SwitchToDemo" name="alertHandling" time="5.292"/>
  <testcase classname="com.synechron.selenium.SeleniumTraining.switchto.SwitchToDemo" name="multipleBrowserHandling" time="1.877"/>
  <testcase classname="com.synechron.selenium.SeleniumTraining.switchto.SwitchToDemo" name="frameHandling" time="5.617"/>
</testsuite> <!-- Default test -->
