<?xml version="1.0" encoding="UTF-8"?>
<!-- Generated by org.testng.reporters.JUnitXMLReporter -->
<testsuite ignored="1" hostname="Aravinda" failures="0" tests="3" name="GRP-smoke" time="0.115" errors="0" timestamp="2024-07-21T15:31:31 IST">
  <testcase classname="com.synechron.selenium.SeleniumTraining.testng.Groups" name="createCustomer" time="0.016"/>
  <testcase classname="com.synechron.selenium.SeleniumTraining.testng.Groups" name="login" time="0.002"/>
  <testcase classname="com.synechron.selenium.SeleniumTraining.testng.Groups" name="logout" time="0.001"/>
  <testcase classname="com.synechron.selenium.SeleniumTraining.testng.Groups" name="launch" time="0.0">
    <ignored/>
  </testcase> <!-- launch -->
</testsuite> <!-- GRP-smoke -->
