<?xml version="1.0" encoding="UTF-8"?>
<!-- Generated by org.testng.reporters.JUnitXMLReporter -->
<testsuite ignored="0" hostname="Aravinda" failures="0" tests="7" name="GRP-sanity" time="97.727" errors="0" timestamp="2024-07-21T15:33:09 IST">
  <testcase classname="com.synechron.selenium.SeleniumTraining.actions.ActionsDemo" name="dragAndDrop" time="5.272"/>
  <testcase classname="com.synechron.selenium.SeleniumTraining.actions.ActionsDemo" name="keyBoardAction" time="15.591"/>
  <testcase classname="com.synechron.selenium.SeleniumTraining.actions.ActionsDemo" name="misellanious" time="5.219"/>
  <testcase classname="com.synechron.selenium.SeleniumTraining.actions.ActionsDemo" name="mouseMoveDemo" time="13.739"/>
  <testcase classname="com.synechron.selenium.SeleniumTraining.dropdown.DropDownDemo" name="dropDownWithSelectTag" time="15.671"/>
  <testcase classname="com.synechron.selenium.SeleniumTraining.dropdown.DropDownDemo" name="dropDownwithCustomTag" time="10.477"/>
  <testcase classname="com.synechron.selenium.SeleniumTraining.dropdown.DropDownDemo" name="multiSelectdropDownWithSelectTag" time="31.725"/>
</testsuite> <!-- GRP-sanity -->
